[debug] [2024-05-26T16:15:19.406Z] ----------------------------------------------------------------------
[debug] [2024-05-26T16:15:19.411Z] Command:       C:\Program Files\nodejs\node.exe C:\Users\vinit\AppData\Roaming\npm\node_modules\firebase-tools\lib\bin\firebase.js init
[debug] [2024-05-26T16:15:19.413Z] CLI Version:   13.10.1
[debug] [2024-05-26T16:15:19.413Z] Platform:      win32
[debug] [2024-05-26T16:15:19.414Z] Node Version:  v20.11.0
[debug] [2024-05-26T16:15:19.414Z] Time:          Sun May 26 2024 21:45:19 GMT+0530 (India Standard Time)
[debug] [2024-05-26T16:15:19.414Z] ----------------------------------------------------------------------
[debug] 
[debug] [2024-05-26T16:15:19.651Z] > command requires scopes: ["email","openid","https://www.googleapis.com/auth/cloudplatformprojects.readonly","https://www.googleapis.com/auth/firebase","https://www.googleapis.com/auth/cloud-platform"]
[debug] [2024-05-26T16:15:19.653Z] > authorizing via signed-in user (vinitupadhyay8454@gmail.com)
[info] 
     ######## #### ########  ######## ########     ###     ######  ########
     ##        ##  ##     ## ##       ##     ##  ##   ##  ##       ##
     ######    ##  ########  ######   ########  #########  ######  ######
     ##        ##  ##    ##  ##       ##     ## ##     ##       ## ##
     ##       #### ##     ## ######## ########  ##     ##  ######  ########

You're about to initialize a Firebase project in this directory:

  D:\Web Dev\Rentify\rentify

Before we get started, keep in mind:

  * You are initializing within an existing Firebase project directory

